<?xml version="1.0" encoding="UTF-8"?>
<testng-results ignored="4" total="7" passed="2" failed="1" skipped="0">
  <reporter-output>
  </reporter-output>
  <suite started-at="2025-09-12T16:40:56 BDT" name="Suite" finished-at="2025-09-12T16:41:47 BDT" duration-ms="51340">
    <groups>
    </groups>
    <test started-at="2025-09-12T16:40:56 BDT" name="Test" finished-at="2025-09-12T16:41:47 BDT" duration-ms="51340">
      <class name="TestCases.Dashbordtest">
        <test-method signature="dashbordOperation()[pri:0, instance:TestCases.Dashbordtest@1b919693]" started-at="2025-09-12T16:41:19 BDT" name="dashbordOperation" description="Verify dashbord page contents" finished-at="2025-09-12T16:41:22 BDT" duration-ms="3500" status="PASS">
          <reporter-output>
          </reporter-output>
        </test-method> <!-- dashbordOperation -->
      </class> <!-- TestCases.Dashbordtest -->
      <class name="TestCases.TestLogin">
        <test-method is-config="true" signature="setBrowser()[pri:0, instance:TestCases.TestLogin@1500b2f3]" started-at="2025-09-12T16:40:54 BDT" name="setBrowser" finished-at="2025-09-12T16:40:56 BDT" duration-ms="1756" status="PASS">
          <reporter-output>
          </reporter-output>
        </test-method> <!-- setBrowser -->
        <test-method signature="testLogin()[pri:0, instance:TestCases.TestLogin@1500b2f3]" started-at="2025-09-12T16:40:56 BDT" name="testLogin" description="Verify login Successful" finished-at="2025-09-12T16:41:19 BDT" duration-ms="23031" status="FAIL">
          <exception class="org.openqa.selenium.TimeoutException">
            <message>
              <![CDATA[Expected condition failed: waiting for visibility of element located by By.xpath: //h1[normalize-space()='Trade Finance Form'] (tried for 20 second(s) with 500 milliseconds interval)
Build info: version: '4.25.0', revision: '8a8aea2337'
System info: os.name: 'Windows 10', os.arch: 'amd64', os.version: '10.0', java.version: '21.0.2'
Driver info: org.openqa.selenium.chrome.ChromeDriver
Capabilities {acceptInsecureCerts: false, browserName: chrome, browserVersion: 140.0.7339.81, chrome: {chromedriverVersion: 140.0.7339.82 (bc93617e21c3..., userDataDir: C:\Users\user\AppData\Local...}, fedcm:accounts: true, goog:chromeOptions: {debuggerAddress: localhost:55242}, networkConnectionEnabled: false, pageLoadStrategy: normal, platformName: windows, proxy: Proxy(), se:cdp: ws://localhost:55242/devtoo..., se:cdpVersion: 140.0.7339.81, setWindowRect: true, strictFileInteractability: false, timeouts: {implicit: 0, pageLoad: 300000, script: 30000}, unhandledPromptBehavior: dismiss and notify, webauthn:extension:credBlob: true, webauthn:extension:largeBlob: true, webauthn:extension:minPinLength: true, webauthn:extension:prf: true, webauthn:virtualAuthenticators: true}
Session ID: 24205da4e4c4001793d4145313a1226e]]>
            </message>
            <full-stacktrace>
              <![CDATA[org.openqa.selenium.TimeoutException: Expected condition failed: waiting for visibility of element located by By.xpath: //h1[normalize-space()='Trade Finance Form'] (tried for 20 second(s) with 500 milliseconds interval)
Build info: version: '4.25.0', revision: '8a8aea2337'
System info: os.name: 'Windows 10', os.arch: 'amd64', os.version: '10.0', java.version: '21.0.2'
Driver info: org.openqa.selenium.chrome.ChromeDriver
Capabilities {acceptInsecureCerts: false, browserName: chrome, browserVersion: 140.0.7339.81, chrome: {chromedriverVersion: 140.0.7339.82 (bc93617e21c3..., userDataDir: C:\Users\user\AppData\Local...}, fedcm:accounts: true, goog:chromeOptions: {debuggerAddress: localhost:55242}, networkConnectionEnabled: false, pageLoadStrategy: normal, platformName: windows, proxy: Proxy(), se:cdp: ws://localhost:55242/devtoo..., se:cdpVersion: 140.0.7339.81, setWindowRect: true, strictFileInteractability: false, timeouts: {implicit: 0, pageLoad: 300000, script: 30000}, unhandledPromptBehavior: dismiss and notify, webauthn:extension:credBlob: true, webauthn:extension:largeBlob: true, webauthn:extension:minPinLength: true, webauthn:extension:prf: true, webauthn:virtualAuthenticators: true}
Session ID: 24205da4e4c4001793d4145313a1226e
at org.openqa.selenium.support.ui.WebDriverWait.timeoutException(WebDriverWait.java:84)
at org.openqa.selenium.support.ui.FluentWait.until(FluentWait.java:228)
at Utilities.Methods.WaitElementVisible(Methods.java:41)
at Utilities.LoginPage.login(LoginPage.java:20)
at TestCases.TestLogin.testLogin(TestLogin.java:12)
at java.base/jdk.internal.reflect.DirectMethodHandleAccessor.invoke(DirectMethodHandleAccessor.java:103)
at java.base/java.lang.reflect.Method.invoke(Method.java:580)
at org.testng.internal.invokers.MethodInvocationHelper.invokeMethod(MethodInvocationHelper.java:139)
at org.testng.internal.invokers.TestInvoker.invokeMethod(TestInvoker.java:677)
at org.testng.internal.invokers.TestInvoker.invokeTestMethod(TestInvoker.java:221)
at org.testng.internal.invokers.MethodRunner.runInSequence(MethodRunner.java:50)
at org.testng.internal.invokers.TestInvoker$MethodInvocationAgent.invoke(TestInvoker.java:962)
at org.testng.internal.invokers.TestInvoker.invokeTestMethods(TestInvoker.java:194)
at org.testng.internal.invokers.TestMethodWorker.invokeTestMethods(TestMethodWorker.java:148)
at org.testng.internal.invokers.TestMethodWorker.run(TestMethodWorker.java:128)
at java.base/java.util.ArrayList.forEach(ArrayList.java:1596)
at org.testng.TestRunner.privateRun(TestRunner.java:806)
at org.testng.TestRunner.run(TestRunner.java:601)
at org.testng.SuiteRunner.runTest(SuiteRunner.java:433)
at org.testng.SuiteRunner.runSequentially(SuiteRunner.java:427)
at org.testng.SuiteRunner.privateRun(SuiteRunner.java:387)
at org.testng.SuiteRunner.run(SuiteRunner.java:330)
at org.testng.SuiteRunnerWorker.runSuite(SuiteRunnerWorker.java:52)
at org.testng.SuiteRunnerWorker.run(SuiteRunnerWorker.java:95)
at org.testng.TestNG.runSuitesSequentially(TestNG.java:1256)
at org.testng.TestNG.runSuitesLocally(TestNG.java:1176)
at org.testng.TestNG.runSuites(TestNG.java:1099)
at org.testng.TestNG.run(TestNG.java:1067)
at org.testng.remote.AbstractRemoteTestNG.run(AbstractRemoteTestNG.java:115)
at org.testng.remote.RemoteTestNG.initAndRun(RemoteTestNG.java:251)
at org.testng.remote.RemoteTestNG.main(RemoteTestNG.java:77)
]]>
            </full-stacktrace>
          </exception> <!-- org.openqa.selenium.TimeoutException -->
          <reporter-output>
          </reporter-output>
        </test-method> <!-- testLogin -->
        <test-method is-config="true" signature="quitBrowser()[pri:0, instance:TestCases.TestLogin@1500b2f3]" started-at="2025-09-12T16:41:47 BDT" name="quitBrowser" finished-at="2025-09-12T16:41:47 BDT" duration-ms="364" status="PASS">
          <reporter-output>
          </reporter-output>
        </test-method> <!-- quitBrowser -->
      </class> <!-- TestCases.TestLogin -->
      <class name="TestCases.TestTradeService">
        <test-method signature="testTradeService()[pri:0, instance:TestCases.TestTradeService@4dc27487]" started-at="2025-09-12T16:41:22 BDT" name="testTradeService" description="Verify Trade Service form submission" finished-at="2025-09-12T16:41:47 BDT" duration-ms="24527" status="PASS">
          <reporter-output>
          </reporter-output>
        </test-method> <!-- testTradeService -->
      </class> <!-- TestCases.TestTradeService -->
    </test> <!-- Test -->
  </suite> <!-- Suite -->
</testng-results>
